============================= test session starts ==============================
platform linux -- Python 3.12.4, pytest-8.3.5, pluggy-1.6.0 -- /home/andrea-g/miniconda3/bin/python
cachedir: .pytest_cache
rootdir: /home/andrea-g/Scrivania/CSC - Programmare con AI/Lezione 8
configfile: pytest.ini
plugins: mock-3.14.1, cov-6.1.1
collecting ... collected 140 items

tests/integration/test_integration.py::TestIntegrazioneCompleta::test_integrazione_salvataggio_caricamento PASSED [  0%]
tests/integration/test_integration.py::TestIntegrazioneCompleta::test_integrazione_modifica_persistenza PASSED [  1%]
tests/integration/test_integration.py::TestIntegrazioneCompleta::test_integrazione_statistiche_complete PASSED [  2%]
tests/integration/test_integration.py::TestIntegrazioneCompleta::test_integrazione_backup_ripristino FAILED [  2%]
tests/integration/test_integration.py::TestIntegrazioneCompleta::test_integrazione_ricerca_avanzata PASSED [  3%]
tests/integration/test_integration.py::TestIntegrazioneCompleta::test_integrazione_performance_grandi_dataset PASSED [  4%]
tests/unit/test_config.py::TestConfig::test_voti_range_valido PASSED     [  5%]
tests/unit/test_config.py::TestConfig::test_default_data_path_esiste PASSED [  5%]
tests/unit/test_config.py::TestConfig::test_directory_configurate PASSED [  6%]
tests/unit/test_config.py::TestConfig::test_voto_min_boundary PASSED     [  7%]
tests/unit/test_config.py::TestConfig::test_voto_max_boundary PASSED     [  7%]
tests/unit/test_config.py::TestConfig::test_costanti_immutabili PASSED   [  8%]
tests/unit/test_config.py::TestConfig::test_paths_relativi PASSED        [  9%]
tests/unit/test_config.py::TestConfig::test_directory_names_validi PASSED [ 10%]
tests/unit/test_data_manager.py::TestFileManager::test_init_con_file_path PASSED [ 10%]
tests/unit/test_data_manager.py::TestFileManager::test_init_senza_file_path PASSED [ 11%]
tests/unit/test_data_manager.py::TestFileManager::test_carica_dati_file_esistente PASSED [ 12%]
tests/unit/test_data_manager.py::TestFileManager::test_carica_dati_file_inesistente PASSED [ 12%]
tests/unit/test_data_manager.py::TestFileManager::test_carica_dati_file_json_invalido PASSED [ 13%]
tests/unit/test_data_manager.py::TestFileManager::test_salva_dati_successo PASSED [ 14%]
tests/unit/test_data_manager.py::TestFileManager::test_salva_dati_lista_vuota PASSED [ 15%]
tests/unit/test_data_manager.py::TestFileManager::test_salva_dati_cartella_inesistente PASSED [ 15%]
tests/unit/test_data_manager.py::TestFileManager::test_crea_backup_successo PASSED [ 16%]
tests/unit/test_data_manager.py::TestFileManager::test_crea_backup_file_inesistente PASSED [ 17%]
tests/unit/test_data_manager.py::TestFileManager::test_verifica_integrità_file_valido PASSED [ 17%]
tests/unit/test_data_manager.py::TestFileManager::test_verifica_integrità_file_invalido PASSED [ 18%]
tests/unit/test_data_manager.py::TestFileManager::test_verifica_integrità_file_inesistente PASSED [ 19%]
tests/unit/test_data_manager.py::TestFileManager::test_ciclo_completo_salvataggio_caricamento PASSED [ 20%]
tests/unit/test_data_manager.py::TestFileManager::test_gestione_encoding_utf8 PASSED [ 20%]
tests/unit/test_models.py::TestPersona::test_init_persona PASSED         [ 21%]
tests/unit/test_models.py::TestPersona::test_nome_completo PASSED        [ 22%]
tests/unit/test_models.py::TestPersona::test_iniziali PASSED             [ 22%]
tests/unit/test_models.py::TestPersona::test_str_representation PASSED   [ 23%]
tests/unit/test_models.py::TestPersona::test_normalizzazione_nome PASSED [ 24%]
tests/unit/test_models.py::TestStudente::test_init_studente PASSED       [ 25%]
tests/unit/test_models.py::TestStudente::test_init_studente_senza_voti PASSED [ 25%]
tests/unit/test_models.py::TestStudente::test_media_voti_con_voti PASSED [ 26%]
tests/unit/test_models.py::TestStudente::test_media_voti_senza_voti PASSED [ 27%]
tests/unit/test_models.py::TestStudente::test_aggiungi_voto_valido PASSED [ 27%]
tests/unit/test_models.py::TestStudente::test_aggiungi_voto_invalido PASSED [ 28%]
tests/unit/test_models.py::TestStudente::test_voto_massimo PASSED        [ 29%]
tests/unit/test_models.py::TestStudente::test_voto_massimo_senza_voti PASSED [ 30%]
tests/unit/test_models.py::TestStudente::test_voto_minimo PASSED         [ 30%]
tests/unit/test_models.py::TestStudente::test_voto_minimo_senza_voti PASSED [ 31%]
tests/unit/test_models.py::TestStudente::test_numero_voti PASSED         [ 32%]
tests/unit/test_models.py::TestStudente::test_ha_superato_esami_true PASSED [ 32%]
tests/unit/test_models.py::TestStudente::test_ha_superato_esami_false PASSED [ 33%]
tests/unit/test_models.py::TestStudente::test_is_eccellente_true PASSED  [ 34%]
tests/unit/test_models.py::TestStudente::test_is_eccellente_false PASSED [ 35%]
tests/unit/test_models.py::TestStudente::test_to_dict PASSED             [ 35%]
tests/unit/test_models.py::TestStudente::test_from_dict PASSED           [ 36%]
tests/unit/test_models.py::TestStudente::test_str_representation PASSED  [ 37%]
tests/unit/test_models.py::TestListaStudenti::test_init_lista_vuota PASSED [ 37%]
tests/unit/test_models.py::TestListaStudenti::test_aggiungi_studente_nuovo PASSED [ 38%]
tests/unit/test_models.py::TestListaStudenti::test_aggiungi_studente_duplicato PASSED [ 39%]
tests/unit/test_models.py::TestListaStudenti::test_trova_studente_esistente PASSED [ 40%]
tests/unit/test_models.py::TestListaStudenti::test_trova_studente_inesistente PASSED [ 40%]
tests/unit/test_models.py::TestListaStudenti::test_rimuovi_studente_esistente PASSED [ 41%]
tests/unit/test_models.py::TestListaStudenti::test_rimuovi_studente_inesistente PASSED [ 42%]
tests/unit/test_models.py::TestListaStudenti::test_trova_per_nome PASSED [ 42%]
tests/unit/test_models.py::TestListaStudenti::test_studenti_eccellenti PASSED [ 43%]
tests/unit/test_models.py::TestListaStudenti::test_studenti_con_voti PASSED [ 44%]
tests/unit/test_models.py::TestListaStudenti::test_studenti_senza_voti PASSED [ 45%]
tests/unit/test_models.py::TestListaStudenti::test_media_generale PASSED [ 45%]
tests/unit/test_models.py::TestListaStudenti::test_media_generale_senza_voti PASSED [ 46%]
tests/unit/test_models.py::TestListaStudenti::test_statistiche PASSED    [ 47%]
tests/unit/test_models.py::TestListaStudenti::test_ordina_per_media PASSED [ 47%]
tests/unit/test_models.py::TestListaStudenti::test_ordina_per_nome PASSED [ 48%]
tests/unit/test_models.py::TestListaStudenti::test_to_dict_list PASSED   [ 49%]
tests/unit/test_models.py::TestListaStudenti::test_from_dict_list PASSED [ 50%]
tests/unit/test_models.py::TestListaStudenti::test_contains_operator PASSED [ 50%]
tests/unit/test_models.py::TestListaStudenti::test_iteration PASSED      [ 51%]
tests/unit/test_pdf_exporter.py::TestPDFExporter::test_init_pdf_exporter PASSED [ 52%]
tests/unit/test_pdf_exporter.py::TestPDFExporter::test_esporta_lista_studenti_successo PASSED [ 52%]
tests/unit/test_pdf_exporter.py::TestPDFExporter::test_esporta_lista_vuota PASSED [ 53%]
tests/unit/test_pdf_exporter.py::TestPDFExporter::test_esporta_studente_singolo_successo PASSED [ 54%]
tests/unit/test_pdf_exporter.py::TestPDFExporter::test_esporta_statistiche_successo PASSED [ 55%]
tests/unit/test_pdf_exporter.py::TestPDFExporter::test_esporta_con_percorso_invalido PASSED [ 55%]
tests/unit/test_pdf_exporter.py::TestPDFExporter::test_validazione_parametri_lista_studenti PASSED [ 56%]
tests/unit/test_pdf_exporter.py::TestPDFExporter::test_validazione_parametri_studente_singolo PASSED [ 57%]
tests/unit/test_pdf_exporter.py::TestPDFExporter::test_gestione_errore_doc_template PASSED [ 57%]
tests/unit/test_student_service.py::TestStudentService::test_init_student_service PASSED [ 58%]
tests/unit/test_student_service.py::TestStudentService::test_carica_studenti_successo PASSED [ 59%]
tests/unit/test_student_service.py::TestStudentService::test_carica_studenti_file_vuoto PASSED [ 60%]
tests/unit/test_student_service.py::TestStudentService::test_salva_studenti_successo PASSED [ 60%]
tests/unit/test_student_service.py::TestStudentService::test_salva_studenti_errore PASSED [ 61%]
tests/unit/test_student_service.py::TestStudentService::test_aggiungi_studente_nuovo PASSED [ 62%]
tests/unit/test_student_service.py::TestStudentService::test_aggiungi_studente_duplicato PASSED [ 62%]
tests/unit/test_student_service.py::TestStudentService::test_rimuovi_studente_esistente PASSED [ 63%]
tests/unit/test_student_service.py::TestStudentService::test_rimuovi_studente_inesistente PASSED [ 64%]
tests/unit/test_student_service.py::TestStudentService::test_aggiungi_voto_studente_esistente PASSED [ 65%]
tests/unit/test_student_service.py::TestStudentService::test_aggiungi_voto_studente_inesistente PASSED [ 65%]
tests/unit/test_student_service.py::TestStudentService::test_aggiungi_voto_invalido PASSED [ 66%]
tests/unit/test_student_service.py::TestStudentService::test_ottieni_studente_esistente PASSED [ 67%]
tests/unit/test_student_service.py::TestStudentService::test_ottieni_studente_inesistente PASSED [ 67%]
tests/unit/test_student_service.py::TestStudentService::test_ottieni_tutti_studenti PASSED [ 68%]
tests/unit/test_student_service.py::TestStudentService::test_cerca_studenti_per_nome PASSED [ 69%]
tests/unit/test_student_service.py::TestStudentService::test_ottieni_studenti_eccellenti PASSED [ 70%]
tests/unit/test_student_service.py::TestStudentService::test_ottieni_statistiche PASSED [ 70%]
tests/unit/test_student_service.py::TestStudentService::test_ciclo_completo_crud PASSED [ 71%]
tests/unit/test_student_service.py::TestStudentService::test_validazione_parametri_aggiungi_studente PASSED [ 72%]
tests/unit/test_ui.py::TestMenuUI::test_init_menu_ui FAILED              [ 72%]
tests/unit/test_ui.py::TestMenuUI::test_mostra_menu_principale 